Arguments: 
  C:\Program Files\nodejs\node.exe C:\Program Files (x86)\Yarn\bin\yarn.js add vk-chat-bot

PATH: 
  C:\Program Files\ConEmu\ConEmu\Scripts;C:\ProgramData\Anaconda3;C:\ProgramData\Anaconda3\;C:\ProgramData\Anaconda3\Scripts;C:\Program Files\ConEmu;C:\Program Files\ConEmu\ConEmu;C:\Program Files\Docker\Docker\Resources\bin;C:\ProgramData\Oracle\Java\javapath;C:\Windows\system32;C:\Windows;C:\Windows\System32\Wbem;C:\Windows\System32\WindowsPowerShell\v1.0\;C:\Program Files (x86)\Microsoft SQL Server\100\Tools\Binn\;C:\Program Files\Microsoft SQL Server\100\Tools\Binn\;C:\Program Files\Microsoft SQL Server\100\DTS\Binn\;C:\Users\zharov_ps\.dnx\bin;C:\Program Files\Microsoft DNX\Dnvm\;C:\Program Files\Microsoft SQL Server\120\Tools\Binn\;C:\Program Files\Microsoft SQL Server\130\Tools\Binn\;C:\Program Files\Git\cmd;C:\Program Files\Git\mingw64\bin;C:\Program Files\Git\usr\bin;C:\Program Files\dotnet\;C:\Program Files\MiKTeX 2.9\miktex\bin\x64\;C:\Program Files\nodejs\;C:\Program Files (x86)\Yarn\bin\;C:\Users\zharov_ps\scoop\shims;C:\Users\zharov_ps\AppData\Local\Microsoft\WindowsApps;C:\Users\zharov_ps\AppData\Roaming\npm;C:\Users\zharov_ps\AppData\Local\Yarn\bin;

Yarn version: 
  1.7.0

Node version: 
  8.11.3

Platform: 
  win32 x64

Trace: 
  Error: http://registry.npmjs.org/vk-chat-bot: Invalid protocol: localhost:
      at Request.module.exports.Request.init (C:\Program Files (x86)\Yarn\lib\cli.js:134947:31)
      at new Request (C:\Program Files (x86)\Yarn\lib\cli.js:134617:8)
      at request (C:\Program Files (x86)\Yarn\lib\cli.js:131616:10)
      at RequestManager.execute (C:\Program Files (x86)\Yarn\lib\cli.js:65708:15)
      at RequestManager.shiftQueue (C:\Program Files (x86)\Yarn\lib\cli.js:65735:10)
      at C:\Program Files (x86)\Yarn\lib\cli.js:65486:13
      at new Promise (<anonymous>)
      at new F (C:\Program Files (x86)\Yarn\lib\cli.js:23451:28)
      at RequestManager.request (C:\Program Files (x86)\Yarn\lib\cli.js:65484:19)
      at NpmRegistry.request (C:\Program Files (x86)\Yarn\lib\cli.js:31153:32)

npm manifest: 
  {
    "name": "jorka",
    "version": "1.0.0",
    "description": "",
    "main": "index.js",
    "scripts": {
      "test": "echo \"Error: no test specified\" && exit 1"
    },
    "author": "",
    "license": "ISC"
  }

yarn manifest: 
  No manifest

Lockfile: 
  No lockfile
